<?xml version="1.0" encoding="UTF-8"?>
<!-- Generated by org.testng.reporters.JUnitReportReporter -->
<testsuite skipped="0" hostname="ASHUTOSH" name="linkedin.LoginTest.LoginTest" tests="1" failures="0" timestamp="2021-10-21T15:31:13 IST" time="74.230" errors="0">
  <testcase name="TC_001_LoginTest_validcred" time="74.230" classname="linkedin.LoginTest.LoginTest"/>
  <system-out/>
</testsuite> <!-- linkedin.LoginTest.LoginTest -->
